Preprocessing source file.... .stevie_b7/stevie_b7.54315/basic_cpu_vdp.asm
Preprocessing source file.... .stevie_b7/stevie_b7.54315/cmdb.asm
Preprocessing source file.... .stevie_b7/stevie_b7.54315/cmdb.cmd.asm
Preprocessing source file.... .stevie_b7/stevie_b7.54315/cmdb.cmd.preset.asm
Preprocessing source file.... .stevie_b7/stevie_b7.54315/cmdb.cmd.set.asm
Preprocessing source file.... .stevie_b7/stevie_b7.54315/cmdb.refresh.asm
Preprocessing source file.... .stevie_b7/stevie_b7.54315/colors.line.set.asm
Preprocessing source file.... .stevie_b7/stevie_b7.54315/copy_cpu_cpu.asm
Preprocessing source file.... .stevie_b7/stevie_b7.54315/copy_cpu_vram.asm
Preprocessing source file.... .stevie_b7/stevie_b7.54315/copy_grom_cpu.asm
Preprocessing source file.... .stevie_b7/stevie_b7.54315/copy_grom_vram.asm
Preprocessing source file.... .stevie_b7/stevie_b7.54315/copy_vram_cpu.asm
Preprocessing source file.... .stevie_b7/stevie_b7.54315/cpu_constants.asm
Preprocessing source file.... .stevie_b7/stevie_b7.54315/cpu_crash.asm
Preprocessing source file.... .stevie_b7/stevie_b7.54315/cpu_crc16.asm
Preprocessing source file.... .stevie_b7/stevie_b7.54315/cpu_hexsupport.asm
Preprocessing source file.... .stevie_b7/stevie_b7.54315/cpu_numsupport.asm
Preprocessing source file.... .stevie_b7/stevie_b7.54315/cpu_rle_compress.asm
Preprocessing source file.... .stevie_b7/stevie_b7.54315/cpu_rle_decompress.asm
Preprocessing source file.... .stevie_b7/stevie_b7.54315/cpu_sams_support.asm
Preprocessing source file.... .stevie_b7/stevie_b7.54315/cpu_scrpad_backrest.asm
Preprocessing source file.... .stevie_b7/stevie_b7.54315/cpu_scrpad_paging.asm
Preprocessing source file.... .stevie_b7/stevie_b7.54315/cpu_strings.asm
Preprocessing source file.... .stevie_b7/stevie_b7.54315/data.constants.asm
Preprocessing source file.... .stevie_b7/stevie_b7.54315/data.defaults.asm
Preprocessing source file.... .stevie_b7/stevie_b7.54315/data.keymap.actions.asm
Preprocessing source file.... .stevie_b7/stevie_b7.54315/data.keymap.keys.asm
Preprocessing source file.... .stevie_b7/stevie_b7.54315/data.keymap.presets.asm
Preprocessing source file.... .stevie_b7/stevie_b7.54315/data.patterns.asm
Preprocessing source file.... .stevie_b7/stevie_b7.54315/data.scrpad.asm
Preprocessing source file.... .stevie_b7/stevie_b7.54315/data.strings.asm
Preprocessing source file.... .stevie_b7/stevie_b7.54315/data.strings.bank3.asm
Preprocessing source file.... .stevie_b7/stevie_b7.54315/dialog.append.asm
Preprocessing source file.... .stevie_b7/stevie_b7.54315/dialog.basic.asm
Preprocessing source file.... .stevie_b7/stevie_b7.54315/dialog.clipboard.asm
Preprocessing source file.... .stevie_b7/stevie_b7.54315/dialog.clipdev.asm
Preprocessing source file.... .stevie_b7/stevie_b7.54315/dialog.config.asm
Preprocessing source file.... .stevie_b7/stevie_b7.54315/dialog.file.asm
Preprocessing source file.... .stevie_b7/stevie_b7.54315/dialog.help.asm
Preprocessing source file.... .stevie_b7/stevie_b7.54315/dialog.insert.asm
Preprocessing source file.... .stevie_b7/stevie_b7.54315/dialog.load.asm
Preprocessing source file.... .stevie_b7/stevie_b7.54315/dialog.menu.asm
Preprocessing source file.... .stevie_b7/stevie_b7.54315/dialog.print.asm
Preprocessing source file.... .stevie_b7/stevie_b7.54315/dialog.save.asm
Preprocessing source file.... .stevie_b7/stevie_b7.54315/dialog.unsaved.asm
Preprocessing source file.... .stevie_b7/stevie_b7.54315/edb.asm
Preprocessing source file.... .stevie_b7/stevie_b7.54315/edb.block.clip.asm
Preprocessing source file.... .stevie_b7/stevie_b7.54315/edb.block.copy.asm
Preprocessing source file.... .stevie_b7/stevie_b7.54315/edb.block.del.asm
Preprocessing source file.... .stevie_b7/stevie_b7.54315/edb.block.mark.asm
Preprocessing source file.... .stevie_b7/stevie_b7.54315/edb.block.reset.asm
Preprocessing source file.... .stevie_b7/stevie_b7.54315/edb.clear.sams.asm
Preprocessing source file.... .stevie_b7/stevie_b7.54315/edb.hipage.alloc.asm
Preprocessing source file.... .stevie_b7/stevie_b7.54315/edb.line.copy.asm
Preprocessing source file.... .stevie_b7/stevie_b7.54315/edb.line.del.asm
Preprocessing source file.... .stevie_b7/stevie_b7.54315/edb.line.getlen.asm
Preprocessing source file.... .stevie_b7/stevie_b7.54315/edb.line.mappage.asm
Preprocessing source file.... .stevie_b7/stevie_b7.54315/edb.line.pack.fb.asm
Preprocessing source file.... .stevie_b7/stevie_b7.54315/edb.line.unpack.fb.asm
Preprocessing source file.... .stevie_b7/stevie_b7.54315/edkey.cmdb.dialog.asm
Preprocessing source file.... .stevie_b7/stevie_b7.54315/edkey.cmdb.file.append.asm
Preprocessing source file.... .stevie_b7/stevie_b7.54315/edkey.cmdb.file.clip.asm
Preprocessing source file.... .stevie_b7/stevie_b7.54315/edkey.cmdb.file.clipdev.asm
Preprocessing source file.... .stevie_b7/stevie_b7.54315/edkey.cmdb.file.insert.asm
Preprocessing source file.... .stevie_b7/stevie_b7.54315/edkey.cmdb.file.load.asm
Preprocessing source file.... .stevie_b7/stevie_b7.54315/edkey.cmdb.file.new.asm
Preprocessing source file.... .stevie_b7/stevie_b7.54315/edkey.cmdb.file.print.asm
Preprocessing source file.... .stevie_b7/stevie_b7.54315/edkey.cmdb.file.save.asm
Preprocessing source file.... .stevie_b7/stevie_b7.54315/edkey.cmdb.misc.asm
Preprocessing source file.... .stevie_b7/stevie_b7.54315/edkey.cmdb.mod.asm
Preprocessing source file.... .stevie_b7/stevie_b7.54315/edkey.cmdb.mov.asm
Preprocessing source file.... .stevie_b7/stevie_b7.54315/edkey.fb.block.asm
Preprocessing source file.... .stevie_b7/stevie_b7.54315/edkey.fb.clip.asm
Preprocessing source file.... .stevie_b7/stevie_b7.54315/edkey.fb.del.asm
Preprocessing source file.... .stevie_b7/stevie_b7.54315/edkey.fb.file.asm
Preprocessing source file.... .stevie_b7/stevie_b7.54315/edkey.fb.ins.asm
Preprocessing source file.... .stevie_b7/stevie_b7.54315/edkey.fb.misc.asm
Preprocessing source file.... .stevie_b7/stevie_b7.54315/edkey.fb.mod.asm
Preprocessing source file.... .stevie_b7/stevie_b7.54315/edkey.fb.mov.goto.asm
Preprocessing source file.... .stevie_b7/stevie_b7.54315/edkey.fb.mov.leftright.asm
Preprocessing source file.... .stevie_b7/stevie_b7.54315/edkey.fb.mov.paging.asm
Preprocessing source file.... .stevie_b7/stevie_b7.54315/edkey.fb.mov.topbot.asm
Preprocessing source file.... .stevie_b7/stevie_b7.54315/edkey.fb.mov.updown.asm
Preprocessing source file.... .stevie_b7/stevie_b7.54315/edkey.fb.mov.word.asm
Preprocessing source file.... .stevie_b7/stevie_b7.54315/edkey.fb.ruler.asm
Preprocessing source file.... .stevie_b7/stevie_b7.54315/edkey.fb.tabs.asm
Preprocessing source file.... .stevie_b7/stevie_b7.54315/edkey.key.process.asm
Preprocessing source file.... .stevie_b7/stevie_b7.54315/equates.asm
Preprocessing source file.... .stevie_b7/stevie_b7.54315/error.display.asm
Preprocessing source file.... .stevie_b7/stevie_b7.54315/errpane.asm
Preprocessing source file.... .stevie_b7/stevie_b7.54315/fb.asm
Preprocessing source file.... .stevie_b7/stevie_b7.54315/fb.colorlines.asm
Preprocessing source file.... .stevie_b7/stevie_b7.54315/fb.cursor.down.asm
Preprocessing source file.... .stevie_b7/stevie_b7.54315/fb.cursor.home.asm
Preprocessing source file.... .stevie_b7/stevie_b7.54315/fb.cursor.up.asm
Preprocessing source file.... .stevie_b7/stevie_b7.54315/fb.get.firstnonblank.asm
Preprocessing source file.... .stevie_b7/stevie_b7.54315/fb.insert.line.asm
Preprocessing source file.... .stevie_b7/stevie_b7.54315/fb.null2char.asm
Preprocessing source file.... .stevie_b7/stevie_b7.54315/fb.refresh.asm
Preprocessing source file.... .stevie_b7/stevie_b7.54315/fb.restore.asm
Preprocessing source file.... .stevie_b7/stevie_b7.54315/fb.ruler.asm
Preprocessing source file.... .stevie_b7/stevie_b7.54315/fb.scan.fname.asm
Preprocessing source file.... .stevie_b7/stevie_b7.54315/fb.tab.next.asm
Preprocessing source file.... .stevie_b7/stevie_b7.54315/fb.utils.asm
Preprocessing source file.... .stevie_b7/stevie_b7.54315/fb.vdpdump.asm
Preprocessing source file.... .stevie_b7/stevie_b7.54315/fh.read.edb.asm
Preprocessing source file.... .stevie_b7/stevie_b7.54315/fh.write.edb.asm
Preprocessing source file.... .stevie_b7/stevie_b7.54315/fio_dsrlnk.asm
Preprocessing source file.... .stevie_b7/stevie_b7.54315/fio_level3.asm
Preprocessing source file.... .stevie_b7/stevie_b7.54315/fm.browse.asm
Preprocessing source file.... .stevie_b7/stevie_b7.54315/fm.callbacks.asm
Preprocessing source file.... .stevie_b7/stevie_b7.54315/fm.fastmode.asm
Preprocessing source file.... .stevie_b7/stevie_b7.54315/fm.insert.asm
Preprocessing source file.... .stevie_b7/stevie_b7.54315/fm.load.asm
Preprocessing source file.... .stevie_b7/stevie_b7.54315/fm.new.asm
Preprocessing source file.... .stevie_b7/stevie_b7.54315/fm.save.asm
Preprocessing source file.... .stevie_b7/stevie_b7.54315/header.asm
Preprocessing source file.... .stevie_b7/stevie_b7.54315/hook.keyscan.asm
Preprocessing source file.... .stevie_b7/stevie_b7.54315/idx.asm
Preprocessing source file.... .stevie_b7/stevie_b7.54315/idx.delete.asm
Preprocessing source file.... .stevie_b7/stevie_b7.54315/idx.insert.asm
Preprocessing source file.... .stevie_b7/stevie_b7.54315/idx.pointer.asm
Preprocessing source file.... .stevie_b7/stevie_b7.54315/idx.update.asm
Preprocessing source file.... .stevie_b7/stevie_b7.54315/keyb_real.asm
Preprocessing source file.... .stevie_b7/stevie_b7.54315/keyb_virtual.asm
Preprocessing source file.... .stevie_b7/stevie_b7.54315/main.asm
Preprocessing source file.... .stevie_b7/stevie_b7.54315/mem.asm
Preprocessing source file.... .stevie_b7/stevie_b7.54315/pane.botline.asm
Preprocessing source file.... .stevie_b7/stevie_b7.54315/pane.cmdb.draw.asm
Preprocessing source file.... .stevie_b7/stevie_b7.54315/pane.cmdb.hide.asm
Preprocessing source file.... .stevie_b7/stevie_b7.54315/pane.cmdb.show.asm
Preprocessing source file.... .stevie_b7/stevie_b7.54315/pane.cursor.asm
Preprocessing source file.... .stevie_b7/stevie_b7.54315/pane.errline.asm
Preprocessing source file.... .stevie_b7/stevie_b7.54315/pane.topline.asm
Preprocessing source file.... .stevie_b7/stevie_b7.54315/pane.topline.clearmsg.asm
Preprocessing source file.... .stevie_b7/stevie_b7.54315/pane.utils.colorscheme.asm
Preprocessing source file.... .stevie_b7/stevie_b7.54315/pane.utils.hint.asm
Preprocessing source file.... .stevie_b7/stevie_b7.54315/pane.vdpdump.asm
Preprocessing source file.... .stevie_b7/stevie_b7.54315/patterns.vdpdump.asm
Preprocessing source file.... .stevie_b7/stevie_b7.54315/ram.resident.asm
Preprocessing source file.... .stevie_b7/stevie_b7.54315/rnd_support.asm
Preprocessing source file.... .stevie_b7/stevie_b7.54315/rom_bankswitch.asm
Preprocessing source file.... .stevie_b7/stevie_b7.54315/rom.build.asm
Preprocessing source file.... .stevie_b7/stevie_b7.54315/rom.farjump.asm
Preprocessing source file.... .stevie_b7/stevie_b7.54315/rom.header.asm
Preprocessing source file.... .stevie_b7/stevie_b7.54315/rom.order.asm
Preprocessing source file.... .stevie_b7/stevie_b7.54315/rom.stubs.bank1.asm
Preprocessing source file.... .stevie_b7/stevie_b7.54315/rom.stubs.bank2.asm
Preprocessing source file.... .stevie_b7/stevie_b7.54315/rom.stubs.bank3.asm
Preprocessing source file.... .stevie_b7/stevie_b7.54315/rom.stubs.bank4.asm
Preprocessing source file.... .stevie_b7/stevie_b7.54315/rom.stubs.bank5.asm
Preprocessing source file.... .stevie_b7/stevie_b7.54315/rom.stubs.bank6.asm
Preprocessing source file.... .stevie_b7/stevie_b7.54315/rom.stubs.bank7.asm
Preprocessing source file.... .stevie_b7/stevie_b7.54315/rom.vectors.bank1.asm
Preprocessing source file.... .stevie_b7/stevie_b7.54315/rom.vectors.bank2.asm
Preprocessing source file.... .stevie_b7/stevie_b7.54315/rom.vectors.bank3.asm
Preprocessing source file.... .stevie_b7/stevie_b7.54315/rom.vectors.bank4.asm
Preprocessing source file.... .stevie_b7/stevie_b7.54315/rom.vectors.bank5.asm
Preprocessing source file.... .stevie_b7/stevie_b7.54315/rom.vectors.bank6.asm
Preprocessing source file.... .stevie_b7/stevie_b7.54315/rom.vectors.bank7.asm
Preprocessing source file.... .stevie_b7/stevie_b7.54315/runlib.asm
Preprocessing source file.... .stevie_b7/stevie_b7.54315/snd_player.asm
Preprocessing source file.... .stevie_b7/stevie_b7.54315/speech_detect.asm
Preprocessing source file.... .stevie_b7/stevie_b7.54315/speech_player.asm
Preprocessing source file.... .stevie_b7/stevie_b7.54315/stevie_b7.asm.54315
Preprocessing source file.... .stevie_b7/stevie_b7.54315/task.oneshot.asm
Preprocessing source file.... .stevie_b7/stevie_b7.54315/task.vdp.cursor.9938.asm
Preprocessing source file.... .stevie_b7/stevie_b7.54315/task.vdp.cursor.f18a.asm
Preprocessing source file.... .stevie_b7/stevie_b7.54315/task.vdp.cursor.sat.asm
Preprocessing source file.... .stevie_b7/stevie_b7.54315/task.vdp.panes.asm
Preprocessing source file.... .stevie_b7/stevie_b7.54315/template.asm
Preprocessing source file.... .stevie_b7/stevie_b7.54315/tibasic.asm
Preprocessing source file.... .stevie_b7/stevie_b7.54315/timers_alloc.asm
Preprocessing source file.... .stevie_b7/stevie_b7.54315/timers_hooks.asm
Preprocessing source file.... .stevie_b7/stevie_b7.54315/timers_kthread.asm
Preprocessing source file.... .stevie_b7/stevie_b7.54315/timers_tmgr.asm
Preprocessing source file.... .stevie_b7/stevie_b7.54315/tv.asm
Preprocessing source file.... .stevie_b7/stevie_b7.54315/tv.pad.string.asm
Preprocessing source file.... .stevie_b7/stevie_b7.54315/tv.unpack.uint16.asm
Preprocessing source file.... .stevie_b7/stevie_b7.54315/tv.utils.asm
Preprocessing source file.... .stevie_b7/stevie_b7.54315/vdp_bitmap.asm
Preprocessing source file.... .stevie_b7/stevie_b7.54315/vdp_boxes.asm
Preprocessing source file.... .stevie_b7/stevie_b7.54315/vdp_cursor.asm
Preprocessing source file.... .stevie_b7/stevie_b7.54315/vdp_f18a.asm
Preprocessing source file.... .stevie_b7/stevie_b7.54315/vdp_hchar.asm
Preprocessing source file.... .stevie_b7/stevie_b7.54315/vdp_intscr.asm
Preprocessing source file.... .stevie_b7/stevie_b7.54315/vdp_px2yx_calc.asm
Preprocessing source file.... .stevie_b7/stevie_b7.54315/vdp_rle_decompress.asm
Preprocessing source file.... .stevie_b7/stevie_b7.54315/vdp_sprites.asm
Preprocessing source file.... .stevie_b7/stevie_b7.54315/vdp_tables.asm
Preprocessing source file.... .stevie_b7/stevie_b7.54315/vdp_vchar.asm
Preprocessing source file.... .stevie_b7/stevie_b7.54315/vdp_viewport.asm
Preprocessing source file.... .stevie_b7/stevie_b7.54315/vdp_yx2px_calc.asm
************************************************
Assembly started ........ 21-12-12 19:32:51
Source file ............. stevie_b7.asm
Assembly run ............ .stevie_b7/stevie_b7.54315/xas99run.out
Preprocessed source ..... .stevie_b7/stevie_b7.54315/stevie_b7.asm.54315
ROM cart binary ......... stevie_b7.bin
List file ............... stevie_b7.lst.asm
Run suffix .............. 211212-1932510
************************************************
Highest ROM address...... 
***** Assembly process returned with RC=0
